2025-08-14 01:17:25 - tdx_mark_manager - INFO - TdxMarkManager v3.0 初始化完成，目标文件: D:\Tdx MPV V1.24++\T0002\mark.dat
2025-08-14 01:17:25 - tdx_mark_manager - INFO - 备份目录: D:\OneDrive\coding\manage_tdx_mark\backups
2025-08-14 01:17:25 - tdx_mark_manager - INFO - 日志目录: D:\OneDrive\coding\manage_tdx_mark\log
2025-08-14 01:17:25 - tdx_mark_manager - INFO - 备份创建成功: D:\OneDrive\coding\manage_tdx_mark\backups\mark_backup_20250814_011725.dat
2025-08-14 01:17:25 - tdx_mark_manager - INFO - 成功读取文件，大小: 819311 字符
2025-08-14 01:17:25 - tdx_mark_manager - INFO - 解析完成，共 5 个区块，7115 条记录
2025-08-14 01:17:25 - tdx_mark_manager - INFO - 数据完整性检查完成，总记录数: 7116
2025-08-14 01:17:25 - tdx_mark_manager - INFO - 备份创建成功: D:\OneDrive\coding\manage_tdx_mark\backups\mark_backup_20250814_011725.dat
2025-08-14 01:17:25 - tdx_mark_manager - INFO - 数据保存成功: D:\Tdx MPV V1.24++\T0002\mark.dat, 共 7124 行
2025-08-14 01:17:25 - tdx_mark_manager - INFO - 备份创建成功: D:\OneDrive\coding\manage_tdx_mark\backups\mark_backup_20250814_011725.dat
2025-08-14 01:17:25 - tdx_mark_manager - INFO - 成功读取文件，大小: 818820 字符
2025-08-14 01:17:25 - tdx_mark_manager - INFO - 解析完成，共 5 个区块，7114 条记录
2025-08-14 01:17:25 - tdx_mark_manager - INFO - 数据完整性检查完成，总记录数: 7115
2025-08-14 01:17:25 - tdx_mark_manager - INFO - 备份创建成功: D:\OneDrive\coding\manage_tdx_mark\backups\mark_backup_20250814_011725.dat
2025-08-14 01:17:25 - tdx_mark_manager - INFO - 数据保存成功: D:\Tdx MPV V1.24++\T0002\mark.dat, 共 7125 行
2025-08-14 01:18:52 - tdx_mark_manager - INFO - TdxMarkManager v3.0 初始化完成，目标文件: D:\Tdx MPV V1.24++\T0002\mark.dat
2025-08-14 01:18:52 - tdx_mark_manager - INFO - 备份目录: D:\OneDrive\coding\manage_tdx_mark\backups
2025-08-14 01:18:52 - tdx_mark_manager - INFO - 日志目录: D:\OneDrive\coding\manage_tdx_mark\log
2025-08-14 01:18:52 - tdx_mark_manager - INFO - 备份创建成功: D:\OneDrive\coding\manage_tdx_mark\backups\mark_backup_20250814_011852.dat
2025-08-14 01:18:52 - tdx_mark_manager - INFO - 成功读取文件，大小: 818834 字符
2025-08-14 01:18:52 - tdx_mark_manager - INFO - 解析完成，共 5 个区块，7115 条记录
2025-08-14 01:18:52 - tdx_mark_manager - INFO - 数据完整性检查完成，总记录数: 7116
2025-08-14 01:18:52 - tdx_mark_manager - INFO - 备份创建成功: D:\OneDrive\coding\manage_tdx_mark\backups\mark_backup_20250814_011852.dat
2025-08-14 01:18:52 - tdx_mark_manager - INFO - 数据保存成功: D:\Tdx MPV V1.24++\T0002\mark.dat, 共 7126 行
2025-08-14 01:18:52 - tdx_mark_manager - INFO - 备份创建成功: D:\OneDrive\coding\manage_tdx_mark\backups\mark_backup_20250814_011852.dat
2025-08-14 01:18:52 - tdx_mark_manager - INFO - 成功读取文件，大小: 818854 字符
2025-08-14 01:18:52 - tdx_mark_manager - INFO - 解析完成，共 5 个区块，7116 条记录
2025-08-14 01:18:52 - tdx_mark_manager - INFO - 数据完整性检查完成，总记录数: 7117
2025-08-14 01:18:52 - tdx_mark_manager - INFO - 备份创建成功: D:\OneDrive\coding\manage_tdx_mark\backups\mark_backup_20250814_011852.dat
2025-08-14 01:18:52 - tdx_mark_manager - INFO - 数据保存成功: D:\Tdx MPV V1.24++\T0002\mark.dat, 共 7127 行
